2024-07-10 12:02:03,710 INFO o.a.j.u.JMeterUtils: Setting Locale to en_EN
2024-07-10 12:02:03,819 INFO o.a.j.JMeter: Loading user properties from: user.properties
2024-07-10 12:02:03,819 INFO o.a.j.JMeter: Loading system properties from: system.properties
2024-07-10 12:02:03,851 INFO o.a.j.JMeter: Copyright (c) 1998-2024 The Apache Software Foundation
2024-07-10 12:02:03,851 INFO o.a.j.JMeter: Version 5.6.3
2024-07-10 12:02:03,851 INFO o.a.j.JMeter: java.version=22.0.1
2024-07-10 12:02:03,851 INFO o.a.j.JMeter: java.vm.name=Java HotSpot(TM) 64-Bit Server VM
2024-07-10 12:02:03,851 INFO o.a.j.JMeter: os.name=Windows 11
2024-07-10 12:02:03,851 INFO o.a.j.JMeter: os.arch=amd64
2024-07-10 12:02:03,851 INFO o.a.j.JMeter: os.version=10.0
2024-07-10 12:02:03,851 INFO o.a.j.JMeter: file.encoding=UTF-8
2024-07-10 12:02:03,851 INFO o.a.j.JMeter: java.awt.headless=null
2024-07-10 12:02:03,851 INFO o.a.j.JMeter: Max memory     =1073741824
2024-07-10 12:02:03,851 INFO o.a.j.JMeter: Available Processors =16
2024-07-10 12:02:03,882 INFO o.a.j.JMeter: Default Locale=English (EN)
2024-07-10 12:02:03,882 INFO o.a.j.JMeter: JMeter  Locale=English (EN)
2024-07-10 12:02:03,882 INFO o.a.j.JMeter: JMeterHome=C:\Users\thinkpad\Downloads\apache-jmeter-5.6.3\apache-jmeter-5.6.3
2024-07-10 12:02:03,882 INFO o.a.j.JMeter: user.dir  =C:\Users\thinkpad\Downloads\apache-jmeter-5.6.3\apache-jmeter-5.6.3\bin
2024-07-10 12:02:03,882 INFO o.a.j.JMeter: PWD       =C:\Users\thinkpad\Downloads\apache-jmeter-5.6.3\apache-jmeter-5.6.3\bin
2024-07-10 12:02:08,853 INFO o.a.j.JMeter: IP: 10.35.34.89 Name: Rakesh-Dangol-esewa-eng FullName: Rakesh-Dangol-esewa-eng
2024-07-10 12:02:08,932 INFO o.a.j.JMeter: Loaded icon properties from org/apache/jmeter/images/icon.properties
2024-07-10 12:02:09,655 INFO o.a.j.JMeterGuiLauncher: Setting LAF to: com.github.weisj.darklaf.DarkLaf:com.github.weisj.darklaf.theme.DarculaTheme
2024-07-10 12:20:00,105 INFO o.a.j.s.FileServer: Default base='C:\Users\thinkpad\Downloads\apache-jmeter-5.6.3\apache-jmeter-5.6.3\bin'
2024-07-10 12:20:00,112 INFO o.a.j.g.a.Load: Loading file: C:\Users\thinkpad\Downloads\Login.jmx
2024-07-10 12:20:00,113 INFO o.a.j.s.FileServer: Set new base='C:\Users\thinkpad\Downloads'
2024-07-10 12:20:00,714 INFO o.a.j.s.SaveService: Testplan (JMX) version: 2.2. Testlog (JTL) version: 2.2
2024-07-10 12:20:00,791 INFO o.a.j.s.SaveService: Using SaveService properties version 5.0
2024-07-10 12:20:00,795 INFO o.a.j.s.SaveService: Using SaveService properties file encoding UTF-8
2024-07-10 12:20:00,799 INFO o.a.j.s.SaveService: Loading file: C:\Users\thinkpad\Downloads\Login.jmx
2024-07-10 12:20:00,800 WARN o.a.j.g.a.Load: Error reading file. java.io.FileNotFoundException: C:\Users\thinkpad\Downloads\Login.jmx (The system cannot find the file specified)
2024-07-10 12:20:00,801 ERROR o.a.j.u.JMeterUtils: C:\Users\thinkpad\Downloads\Login.jmx (The system cannot find the file specified)
2024-07-10 12:20:56,567 INFO o.a.j.g.a.Load: Loading file: C:\Users\thinkpad\Downloads\LOGIN TESTING.jmx
2024-07-10 12:20:56,567 INFO o.a.j.s.FileServer: Set new base='C:\Users\thinkpad\Downloads'
2024-07-10 12:20:56,567 INFO o.a.j.s.SaveService: Loading file: C:\Users\thinkpad\Downloads\LOGIN TESTING.jmx
2024-07-10 12:20:56,717 INFO o.a.j.p.h.s.HTTPSamplerBase: Parser for text/html is org.apache.jmeter.protocol.http.parser.LagartoBasedHtmlParser
2024-07-10 12:20:56,717 INFO o.a.j.p.h.s.HTTPSamplerBase: Parser for application/xhtml+xml is org.apache.jmeter.protocol.http.parser.LagartoBasedHtmlParser
2024-07-10 12:20:56,717 INFO o.a.j.p.h.s.HTTPSamplerBase: Parser for application/xml is org.apache.jmeter.protocol.http.parser.LagartoBasedHtmlParser
2024-07-10 12:20:56,717 INFO o.a.j.p.h.s.HTTPSamplerBase: Parser for text/xml is org.apache.jmeter.protocol.http.parser.LagartoBasedHtmlParser
2024-07-10 12:20:56,717 INFO o.a.j.p.h.s.HTTPSamplerBase: Parser for text/vnd.wap.wml is org.apache.jmeter.protocol.http.parser.RegexpHTMLParser
2024-07-10 12:20:56,717 INFO o.a.j.p.h.s.HTTPSamplerBase: Parser for text/css is org.apache.jmeter.protocol.http.parser.CssParser
2024-07-10 12:20:56,801 INFO o.a.j.p.h.c.CookieManager: Settings: Delete null: true Check: true Allow variable: true Save: true Prefix: COOKIE_
2024-07-10 12:20:56,849 INFO o.a.j.s.SampleResult: Note: Sample TimeStamps are START times
2024-07-10 12:20:56,849 INFO o.a.j.s.SampleResult: sampleresult.default.encoding is set to UTF-8
2024-07-10 12:20:56,849 INFO o.a.j.s.SampleResult: sampleresult.useNanoTime=true
2024-07-10 12:20:56,849 INFO o.a.j.s.SampleResult: sampleresult.nanoThreadSleep=5000
2024-07-10 12:20:57,977 INFO o.a.j.s.FileServer: Set new base='C:\Users\thinkpad\Downloads'
2024-07-10 12:22:46,345 INFO o.a.j.g.a.Load: Loading file: C:\Users\thinkpad\Downloads\Login.jmx
2024-07-10 12:22:46,345 INFO o.a.j.s.FileServer: Set new base='C:\Users\thinkpad\Downloads'
2024-07-10 12:22:46,345 INFO o.a.j.s.SaveService: Loading file: C:\Users\thinkpad\Downloads\Login.jmx
2024-07-10 12:22:46,345 WARN o.a.j.g.a.Load: Error reading file. java.io.FileNotFoundException: C:\Users\thinkpad\Downloads\Login.jmx (The system cannot find the file specified)
2024-07-10 12:22:46,349 ERROR o.a.j.u.JMeterUtils: C:\Users\thinkpad\Downloads\Login.jmx (The system cannot find the file specified)
2024-07-10 12:25:33,554 INFO o.a.j.g.a.Load: Loading file: C:\Users\thinkpad\Downloads\apache-jmeter-5.6.3\apache-jmeter-5.6.3\backups\Login-000023.jmx
2024-07-10 12:25:33,555 INFO o.a.j.s.FileServer: Set new base='C:\Users\thinkpad\Downloads\apache-jmeter-5.6.3\apache-jmeter-5.6.3\backups'
2024-07-10 12:25:33,555 INFO o.a.j.s.SaveService: Loading file: C:\Users\thinkpad\Downloads\apache-jmeter-5.6.3\apache-jmeter-5.6.3\backups\Login-000023.jmx
2024-07-10 12:25:33,968 INFO o.a.j.s.FileServer: Set new base='C:\Users\thinkpad\Downloads\apache-jmeter-5.6.3\apache-jmeter-5.6.3\backups'
2024-07-10 12:25:48,869 INFO o.a.j.e.StandardJMeterEngine: Running the test!
2024-07-10 12:25:48,872 INFO o.a.j.s.SampleEvent: List of sample_variables: []
2024-07-10 12:25:48,872 INFO o.a.j.s.SampleEvent: List of sample_variables: []
2024-07-10 12:25:48,875 INFO o.a.j.e.u.CompoundVariable: Note: Function class names must contain the string: '.functions.'
2024-07-10 12:25:48,875 INFO o.a.j.e.u.CompoundVariable: Note: Function class names must not contain the string: '.gui.'
2024-07-10 12:25:48,993 INFO o.a.j.g.u.JMeterMenuBar: setRunning(true, *local*)
2024-07-10 12:25:49,151 INFO o.a.j.e.StandardJMeterEngine: Starting ThreadGroup: 1 : Login
2024-07-10 12:25:49,153 INFO o.a.j.e.StandardJMeterEngine: Starting 1 threads for group Login.
2024-07-10 12:25:49,153 INFO o.a.j.e.StandardJMeterEngine: Thread will continue on error
2024-07-10 12:25:49,153 INFO o.a.j.t.ThreadGroup: Starting thread group... number=1 threads=1 ramp-up=1 delayedStart=false
2024-07-10 12:25:49,169 INFO o.a.j.t.ThreadGroup: Started thread group number 1
2024-07-10 12:25:49,169 INFO o.a.j.e.StandardJMeterEngine: Waiting for thread group: Login to finish before starting next group
2024-07-10 12:25:49,169 INFO o.a.j.t.JMeterThread: Thread started: Login 1-1
2024-07-10 12:25:49,215 INFO o.a.j.p.h.s.HTTPHCAbstractImpl: Local host = Rakesh-Dangol-esewa-eng
2024-07-10 12:25:49,232 INFO o.a.j.p.h.s.HTTPHC4Impl: HTTP request retry count = 0
2024-07-10 12:25:50,057 INFO o.a.j.t.JMeterThread: Thread is done: Login 1-1
2024-07-10 12:25:50,057 INFO o.a.j.t.JMeterThread: Thread finished: Login 1-1
2024-07-10 12:25:50,057 INFO o.a.j.e.StandardJMeterEngine: Starting ThreadGroup: 2 : NT TopUp
2024-07-10 12:25:50,057 INFO o.a.j.e.StandardJMeterEngine: Starting 1 threads for group NT TopUp.
2024-07-10 12:25:50,057 INFO o.a.j.e.StandardJMeterEngine: Thread will continue on error
2024-07-10 12:25:50,057 INFO o.a.j.t.ThreadGroup: Starting thread group... number=2 threads=1 ramp-up=1 delayedStart=false
2024-07-10 12:25:50,062 INFO o.a.j.t.ThreadGroup: Started thread group number 2
2024-07-10 12:25:50,062 INFO o.a.j.e.StandardJMeterEngine: Waiting for thread group: NT TopUp to finish before starting next group
2024-07-10 12:25:50,062 INFO o.a.j.t.JMeterThread: Thread started: NT TopUp 2-1
2024-07-10 12:25:53,781 INFO o.a.j.t.JMeterThread: Thread is done: NT TopUp 2-1
2024-07-10 12:25:53,781 INFO o.a.j.t.JMeterThread: Thread finished: NT TopUp 2-1
2024-07-10 12:25:53,781 INFO o.a.j.e.StandardJMeterEngine: Starting ThreadGroup: 3 : Cable car
2024-07-10 12:25:53,781 INFO o.a.j.e.StandardJMeterEngine: Starting 1 threads for group Cable car.
2024-07-10 12:25:53,781 INFO o.a.j.e.StandardJMeterEngine: Thread will continue on error
2024-07-10 12:25:53,781 INFO o.a.j.t.ThreadGroup: Starting thread group... number=3 threads=1 ramp-up=1 delayedStart=false
2024-07-10 12:25:53,786 INFO o.a.j.t.ThreadGroup: Started thread group number 3
2024-07-10 12:25:53,786 INFO o.a.j.e.StandardJMeterEngine: All thread groups have been started
2024-07-10 12:25:53,786 INFO o.a.j.t.JMeterThread: Thread started: Cable car 3-1
2024-07-10 12:25:57,308 INFO o.a.j.t.JMeterThread: Thread is done: Cable car 3-1
2024-07-10 12:25:57,309 INFO o.a.j.t.JMeterThread: Thread finished: Cable car 3-1
2024-07-10 12:25:57,309 INFO o.a.j.e.StandardJMeterEngine: Notifying test listeners of end of test
2024-07-10 12:25:57,309 INFO o.a.j.g.u.JMeterMenuBar: setRunning(false, *local*)
2024-07-10 12:27:49,328 INFO o.a.j.e.StandardJMeterEngine: Running the test!
2024-07-10 12:27:49,328 INFO o.a.j.s.SampleEvent: List of sample_variables: []
2024-07-10 12:27:49,331 INFO o.a.j.g.u.JMeterMenuBar: setRunning(true, *local*)
2024-07-10 12:27:49,418 INFO o.a.j.e.StandardJMeterEngine: Starting ThreadGroup: 1 : Login
2024-07-10 12:27:49,419 INFO o.a.j.e.StandardJMeterEngine: Starting 1 threads for group Login.
2024-07-10 12:27:49,419 INFO o.a.j.e.StandardJMeterEngine: Thread will continue on error
2024-07-10 12:27:49,419 INFO o.a.j.t.ThreadGroup: Starting thread group... number=1 threads=1 ramp-up=1 delayedStart=false
2024-07-10 12:27:49,427 INFO o.a.j.t.ThreadGroup: Started thread group number 1
2024-07-10 12:27:49,428 INFO o.a.j.e.StandardJMeterEngine: Waiting for thread group: Login to finish before starting next group
2024-07-10 12:27:49,428 INFO o.a.j.t.JMeterThread: Thread started: Login 1-1
2024-07-10 12:27:49,618 INFO o.a.j.t.JMeterThread: Thread is done: Login 1-1
2024-07-10 12:27:49,618 INFO o.a.j.t.JMeterThread: Thread finished: Login 1-1
2024-07-10 12:27:49,618 INFO o.a.j.e.StandardJMeterEngine: Starting ThreadGroup: 2 : NT TopUp
2024-07-10 12:27:49,618 INFO o.a.j.e.StandardJMeterEngine: Starting 1 threads for group NT TopUp.
2024-07-10 12:27:49,618 INFO o.a.j.e.StandardJMeterEngine: Thread will continue on error
2024-07-10 12:27:49,618 INFO o.a.j.t.ThreadGroup: Starting thread group... number=2 threads=1 ramp-up=1 delayedStart=false
2024-07-10 12:27:49,618 INFO o.a.j.t.ThreadGroup: Started thread group number 2
2024-07-10 12:27:49,623 INFO o.a.j.e.StandardJMeterEngine: Waiting for thread group: NT TopUp to finish before starting next group
2024-07-10 12:27:49,623 INFO o.a.j.t.JMeterThread: Thread started: NT TopUp 2-1
2024-07-10 12:27:52,931 INFO o.a.j.t.JMeterThread: Thread is done: NT TopUp 2-1
2024-07-10 12:27:52,933 INFO o.a.j.t.JMeterThread: Thread finished: NT TopUp 2-1
2024-07-10 12:27:52,933 INFO o.a.j.e.StandardJMeterEngine: Starting ThreadGroup: 3 : Cable car
2024-07-10 12:27:52,934 INFO o.a.j.e.StandardJMeterEngine: Starting 1 threads for group Cable car.
2024-07-10 12:27:52,934 INFO o.a.j.e.StandardJMeterEngine: Thread will continue on error
2024-07-10 12:27:52,935 INFO o.a.j.t.ThreadGroup: Starting thread group... number=3 threads=1 ramp-up=1 delayedStart=false
2024-07-10 12:27:52,935 INFO o.a.j.t.ThreadGroup: Started thread group number 3
2024-07-10 12:27:52,935 INFO o.a.j.e.StandardJMeterEngine: All thread groups have been started
2024-07-10 12:27:52,937 INFO o.a.j.t.JMeterThread: Thread started: Cable car 3-1
2024-07-10 12:27:56,472 INFO o.a.j.t.JMeterThread: Thread is done: Cable car 3-1
2024-07-10 12:27:56,473 INFO o.a.j.t.JMeterThread: Thread finished: Cable car 3-1
2024-07-10 12:27:56,473 INFO o.a.j.e.StandardJMeterEngine: Notifying test listeners of end of test
2024-07-10 12:27:56,475 INFO o.a.j.g.u.JMeterMenuBar: setRunning(false, *local*)
2024-07-10 14:32:57,472 INFO o.a.j.e.StandardJMeterEngine: Running the test!
2024-07-10 14:32:57,473 INFO o.a.j.s.SampleEvent: List of sample_variables: []
2024-07-10 14:32:57,474 INFO o.a.j.g.u.JMeterMenuBar: setRunning(true, *local*)
2024-07-10 14:32:57,541 INFO o.a.j.e.StandardJMeterEngine: Starting ThreadGroup: 1 : Login
2024-07-10 14:32:57,543 INFO o.a.j.e.StandardJMeterEngine: Starting 1 threads for group Login.
2024-07-10 14:32:57,543 INFO o.a.j.e.StandardJMeterEngine: Thread will continue on error
2024-07-10 14:32:57,543 INFO o.a.j.t.ThreadGroup: Starting thread group... number=1 threads=1 ramp-up=1 delayedStart=false
2024-07-10 14:32:57,549 INFO o.a.j.t.ThreadGroup: Started thread group number 1
2024-07-10 14:32:57,549 INFO o.a.j.e.StandardJMeterEngine: Waiting for thread group: Login to finish before starting next group
2024-07-10 14:32:57,549 INFO o.a.j.t.JMeterThread: Thread started: Login 1-1
2024-07-10 14:32:57,731 INFO o.a.j.t.JMeterThread: Thread is done: Login 1-1
2024-07-10 14:32:57,732 INFO o.a.j.t.JMeterThread: Thread finished: Login 1-1
2024-07-10 14:32:57,732 INFO o.a.j.e.StandardJMeterEngine: Starting ThreadGroup: 2 : NT TopUp
2024-07-10 14:32:57,732 INFO o.a.j.e.StandardJMeterEngine: Starting 1 threads for group NT TopUp.
2024-07-10 14:32:57,733 INFO o.a.j.e.StandardJMeterEngine: Thread will continue on error
2024-07-10 14:32:57,733 INFO o.a.j.t.ThreadGroup: Starting thread group... number=2 threads=1 ramp-up=1 delayedStart=false
2024-07-10 14:32:57,735 INFO o.a.j.t.ThreadGroup: Started thread group number 2
2024-07-10 14:32:57,735 INFO o.a.j.e.StandardJMeterEngine: Waiting for thread group: NT TopUp to finish before starting next group
2024-07-10 14:32:57,735 INFO o.a.j.t.JMeterThread: Thread started: NT TopUp 2-1
2024-07-10 14:33:01,091 INFO o.a.j.t.JMeterThread: Thread is done: NT TopUp 2-1
2024-07-10 14:33:01,091 INFO o.a.j.t.JMeterThread: Thread finished: NT TopUp 2-1
2024-07-10 14:33:01,092 INFO o.a.j.e.StandardJMeterEngine: Starting ThreadGroup: 3 : Cable car
2024-07-10 14:33:01,092 INFO o.a.j.e.StandardJMeterEngine: Starting 1 threads for group Cable car.
2024-07-10 14:33:01,092 INFO o.a.j.e.StandardJMeterEngine: Thread will continue on error
2024-07-10 14:33:01,092 INFO o.a.j.t.ThreadGroup: Starting thread group... number=3 threads=1 ramp-up=1 delayedStart=false
2024-07-10 14:33:01,093 INFO o.a.j.t.ThreadGroup: Started thread group number 3
2024-07-10 14:33:01,093 INFO o.a.j.e.StandardJMeterEngine: All thread groups have been started
2024-07-10 14:33:01,093 INFO o.a.j.t.JMeterThread: Thread started: Cable car 3-1
2024-07-10 14:33:10,201 INFO o.a.j.t.JMeterThread: Thread is done: Cable car 3-1
2024-07-10 14:33:10,201 INFO o.a.j.t.JMeterThread: Thread finished: Cable car 3-1
2024-07-10 14:33:10,201 INFO o.a.j.e.StandardJMeterEngine: Notifying test listeners of end of test
2024-07-10 14:33:10,202 INFO o.a.j.g.u.JMeterMenuBar: setRunning(false, *local*)
2024-07-10 14:34:20,904 INFO o.a.j.s.FileServer: Set new base='C:\Users\thinkpad\Desktop'
2024-07-10 14:34:37,494 INFO o.a.j.e.StandardJMeterEngine: Running the test!
2024-07-10 14:34:37,495 INFO o.a.j.s.SampleEvent: List of sample_variables: []
2024-07-10 14:34:37,496 INFO o.a.j.g.u.JMeterMenuBar: setRunning(true, *local*)
2024-07-10 14:34:37,537 INFO o.a.j.e.StandardJMeterEngine: Starting ThreadGroup: 1 : Login
2024-07-10 14:34:37,539 INFO o.a.j.e.StandardJMeterEngine: Starting 1 threads for group Login.
2024-07-10 14:34:37,539 INFO o.a.j.e.StandardJMeterEngine: Thread will continue on error
2024-07-10 14:34:37,539 INFO o.a.j.t.ThreadGroup: Starting thread group... number=1 threads=1 ramp-up=1 delayedStart=false
2024-07-10 14:34:37,543 INFO o.a.j.t.ThreadGroup: Started thread group number 1
2024-07-10 14:34:37,543 INFO o.a.j.e.StandardJMeterEngine: Waiting for thread group: Login to finish before starting next group
2024-07-10 14:34:37,543 INFO o.a.j.t.JMeterThread: Thread started: Login 1-1
2024-07-10 14:34:37,723 INFO o.a.j.t.JMeterThread: Thread is done: Login 1-1
2024-07-10 14:34:37,723 INFO o.a.j.t.JMeterThread: Thread finished: Login 1-1
2024-07-10 14:34:37,724 INFO o.a.j.e.StandardJMeterEngine: Starting ThreadGroup: 2 : NT TopUp
2024-07-10 14:34:37,724 INFO o.a.j.e.StandardJMeterEngine: Starting 1 threads for group NT TopUp.
2024-07-10 14:34:37,724 INFO o.a.j.e.StandardJMeterEngine: Thread will continue on error
2024-07-10 14:34:37,724 INFO o.a.j.t.ThreadGroup: Starting thread group... number=2 threads=1 ramp-up=1 delayedStart=false
2024-07-10 14:34:37,724 INFO o.a.j.t.ThreadGroup: Started thread group number 2
2024-07-10 14:34:37,724 INFO o.a.j.e.StandardJMeterEngine: Waiting for thread group: NT TopUp to finish before starting next group
2024-07-10 14:34:37,725 INFO o.a.j.t.JMeterThread: Thread started: NT TopUp 2-1
2024-07-10 14:34:40,973 INFO o.a.j.t.JMeterThread: Thread is done: NT TopUp 2-1
2024-07-10 14:34:40,974 INFO o.a.j.t.JMeterThread: Thread finished: NT TopUp 2-1
2024-07-10 14:34:40,974 INFO o.a.j.e.StandardJMeterEngine: Starting ThreadGroup: 3 : Cable car
2024-07-10 14:34:40,974 INFO o.a.j.e.StandardJMeterEngine: Starting 1 threads for group Cable car.
2024-07-10 14:34:40,974 INFO o.a.j.e.StandardJMeterEngine: Thread will continue on error
2024-07-10 14:34:40,975 INFO o.a.j.t.ThreadGroup: Starting thread group... number=3 threads=1 ramp-up=1 delayedStart=false
2024-07-10 14:34:40,976 INFO o.a.j.t.ThreadGroup: Started thread group number 3
2024-07-10 14:34:40,976 INFO o.a.j.e.StandardJMeterEngine: All thread groups have been started
2024-07-10 14:34:40,976 INFO o.a.j.t.JMeterThread: Thread started: Cable car 3-1
2024-07-10 14:34:53,375 INFO o.a.j.t.JMeterThread: Thread is done: Cable car 3-1
2024-07-10 14:34:53,375 INFO o.a.j.t.JMeterThread: Thread finished: Cable car 3-1
2024-07-10 14:34:53,375 INFO o.a.j.e.StandardJMeterEngine: Notifying test listeners of end of test
2024-07-10 14:34:53,377 INFO o.a.j.g.u.JMeterMenuBar: setRunning(false, *local*)
2024-07-10 15:14:16,611 INFO o.a.j.e.StandardJMeterEngine: Running the test!
2024-07-10 15:14:16,613 INFO o.a.j.s.SampleEvent: List of sample_variables: []
2024-07-10 15:14:16,614 INFO o.a.j.g.u.JMeterMenuBar: setRunning(true, *local*)
2024-07-10 15:14:16,654 INFO o.a.j.e.StandardJMeterEngine: Starting ThreadGroup: 1 : Login
2024-07-10 15:14:16,654 INFO o.a.j.e.StandardJMeterEngine: Starting 1 threads for group Login.
2024-07-10 15:14:16,654 INFO o.a.j.e.StandardJMeterEngine: Thread will continue on error
2024-07-10 15:14:16,654 INFO o.a.j.t.ThreadGroup: Starting thread group... number=1 threads=1 ramp-up=1 delayedStart=false
2024-07-10 15:14:16,660 INFO o.a.j.t.ThreadGroup: Started thread group number 1
2024-07-10 15:14:16,661 INFO o.a.j.e.StandardJMeterEngine: Waiting for thread group: Login to finish before starting next group
2024-07-10 15:14:16,661 INFO o.a.j.t.JMeterThread: Thread started: Login 1-1
2024-07-10 15:14:16,836 INFO o.a.j.t.JMeterThread: Thread is done: Login 1-1
2024-07-10 15:14:16,836 INFO o.a.j.t.JMeterThread: Thread finished: Login 1-1
2024-07-10 15:14:16,836 INFO o.a.j.e.StandardJMeterEngine: Starting ThreadGroup: 2 : NT TopUp
2024-07-10 15:14:16,837 INFO o.a.j.e.StandardJMeterEngine: Starting 1 threads for group NT TopUp.
2024-07-10 15:14:16,837 INFO o.a.j.e.StandardJMeterEngine: Thread will continue on error
2024-07-10 15:14:16,837 INFO o.a.j.t.ThreadGroup: Starting thread group... number=2 threads=1 ramp-up=1 delayedStart=false
2024-07-10 15:14:16,838 INFO o.a.j.t.ThreadGroup: Started thread group number 2
2024-07-10 15:14:16,838 INFO o.a.j.e.StandardJMeterEngine: Waiting for thread group: NT TopUp to finish before starting next group
2024-07-10 15:14:16,838 INFO o.a.j.t.JMeterThread: Thread started: NT TopUp 2-1
2024-07-10 15:14:20,104 INFO o.a.j.t.JMeterThread: Thread is done: NT TopUp 2-1
2024-07-10 15:14:20,105 INFO o.a.j.t.JMeterThread: Thread finished: NT TopUp 2-1
2024-07-10 15:14:20,105 INFO o.a.j.e.StandardJMeterEngine: Starting ThreadGroup: 3 : Cable car
2024-07-10 15:14:20,106 INFO o.a.j.e.StandardJMeterEngine: Starting 1 threads for group Cable car.
2024-07-10 15:14:20,106 INFO o.a.j.e.StandardJMeterEngine: Thread will continue on error
2024-07-10 15:14:20,106 INFO o.a.j.t.ThreadGroup: Starting thread group... number=3 threads=1 ramp-up=1 delayedStart=false
2024-07-10 15:14:20,106 INFO o.a.j.t.ThreadGroup: Started thread group number 3
2024-07-10 15:14:20,106 INFO o.a.j.e.StandardJMeterEngine: Waiting for thread group: Cable car to finish before starting next group
2024-07-10 15:14:20,107 INFO o.a.j.t.JMeterThread: Thread started: Cable car 3-1
2024-07-10 15:14:40,249 INFO o.a.j.g.a.Start: Stopping test
2024-07-10 15:14:40,283 INFO o.a.j.t.JMeterThread: Stopping: Cable car 3-1
2024-07-10 15:14:40,284 WARN o.a.j.t.JMeterThread: Interrupting: Cable car 3-1 sampler: Make Payment
2024-07-10 15:14:40,297 INFO o.a.j.t.JMeterThread: Thread is done: Cable car 3-1
2024-07-10 15:14:40,297 INFO o.a.j.t.JMeterThread: Thread finished: Cable car 3-1
2024-07-10 15:14:40,297 INFO o.a.j.e.StandardJMeterEngine: Test stopped - no more thread groups will be started
2024-07-10 15:14:40,297 INFO o.a.j.e.StandardJMeterEngine: Notifying test listeners of end of test
2024-07-10 15:14:40,298 INFO o.a.j.g.u.JMeterMenuBar: setRunning(false, *local*)
2024-07-10 15:14:49,974 INFO o.a.j.e.StandardJMeterEngine: Running the test!
2024-07-10 15:14:49,974 INFO o.a.j.s.SampleEvent: List of sample_variables: []
2024-07-10 15:14:49,975 INFO o.a.j.g.u.JMeterMenuBar: setRunning(true, *local*)
2024-07-10 15:14:50,018 INFO o.a.j.e.StandardJMeterEngine: Starting ThreadGroup: 1 : Login
2024-07-10 15:14:50,018 INFO o.a.j.e.StandardJMeterEngine: Starting 1 threads for group Login.
2024-07-10 15:14:50,018 INFO o.a.j.e.StandardJMeterEngine: Thread will continue on error
2024-07-10 15:14:50,019 INFO o.a.j.t.ThreadGroup: Starting thread group... number=1 threads=1 ramp-up=1 delayedStart=false
2024-07-10 15:14:50,022 INFO o.a.j.t.ThreadGroup: Started thread group number 1
2024-07-10 15:14:50,023 INFO o.a.j.e.StandardJMeterEngine: Waiting for thread group: Login to finish before starting next group
2024-07-10 15:14:50,023 INFO o.a.j.t.JMeterThread: Thread started: Login 1-1
2024-07-10 15:14:50,196 INFO o.a.j.t.JMeterThread: Thread is done: Login 1-1
2024-07-10 15:14:50,196 INFO o.a.j.t.JMeterThread: Thread finished: Login 1-1
2024-07-10 15:14:50,196 INFO o.a.j.e.StandardJMeterEngine: Starting ThreadGroup: 2 : NT TopUp
2024-07-10 15:14:50,196 INFO o.a.j.e.StandardJMeterEngine: Starting 1 threads for group NT TopUp.
2024-07-10 15:14:50,196 INFO o.a.j.e.StandardJMeterEngine: Thread will continue on error
2024-07-10 15:14:50,196 INFO o.a.j.t.ThreadGroup: Starting thread group... number=2 threads=1 ramp-up=1 delayedStart=false
2024-07-10 15:14:50,197 INFO o.a.j.t.ThreadGroup: Started thread group number 2
2024-07-10 15:14:50,197 INFO o.a.j.e.StandardJMeterEngine: Waiting for thread group: NT TopUp to finish before starting next group
2024-07-10 15:14:50,197 INFO o.a.j.t.JMeterThread: Thread started: NT TopUp 2-1
2024-07-10 15:14:53,471 INFO o.a.j.t.JMeterThread: Thread is done: NT TopUp 2-1
2024-07-10 15:14:53,472 INFO o.a.j.t.JMeterThread: Thread finished: NT TopUp 2-1
2024-07-10 15:14:53,472 INFO o.a.j.e.StandardJMeterEngine: Starting ThreadGroup: 3 : Cable car
2024-07-10 15:14:53,472 INFO o.a.j.e.StandardJMeterEngine: Starting 1 threads for group Cable car.
2024-07-10 15:14:53,472 INFO o.a.j.e.StandardJMeterEngine: Thread will continue on error
2024-07-10 15:14:53,473 INFO o.a.j.t.ThreadGroup: Starting thread group... number=3 threads=1 ramp-up=1 delayedStart=false
2024-07-10 15:14:53,473 INFO o.a.j.t.ThreadGroup: Started thread group number 3
2024-07-10 15:14:53,473 INFO o.a.j.e.StandardJMeterEngine: Waiting for thread group: Cable car to finish before starting next group
2024-07-10 15:14:53,475 INFO o.a.j.t.JMeterThread: Thread started: Cable car 3-1
2024-07-10 15:15:24,509 INFO o.a.j.t.JMeterThread: Thread is done: Cable car 3-1
2024-07-10 15:15:24,509 INFO o.a.j.t.JMeterThread: Thread finished: Cable car 3-1
2024-07-10 15:15:24,510 INFO o.a.j.e.StandardJMeterEngine: Starting ThreadGroup: 4 : Fetch Balance
2024-07-10 15:15:24,510 INFO o.a.j.e.StandardJMeterEngine: Starting 1 threads for group Fetch Balance.
2024-07-10 15:15:24,510 INFO o.a.j.e.StandardJMeterEngine: Thread will continue on error
2024-07-10 15:15:24,510 INFO o.a.j.t.ThreadGroup: Starting thread group... number=4 threads=1 ramp-up=1 delayedStart=false
2024-07-10 15:15:24,511 INFO o.a.j.t.ThreadGroup: Started thread group number 4
2024-07-10 15:15:24,511 INFO o.a.j.e.StandardJMeterEngine: All thread groups have been started
2024-07-10 15:15:24,511 INFO o.a.j.t.JMeterThread: Thread started: Fetch Balance 4-1
2024-07-10 15:15:24,617 INFO o.a.j.t.JMeterThread: Thread is done: Fetch Balance 4-1
2024-07-10 15:15:24,617 INFO o.a.j.t.JMeterThread: Thread finished: Fetch Balance 4-1
2024-07-10 15:15:24,618 INFO o.a.j.e.StandardJMeterEngine: Notifying test listeners of end of test
2024-07-10 15:15:24,618 INFO o.a.j.g.u.JMeterMenuBar: setRunning(false, *local*)
2024-07-10 15:16:36,746 INFO o.a.j.e.StandardJMeterEngine: Running the test!
2024-07-10 15:16:36,746 INFO o.a.j.s.SampleEvent: List of sample_variables: []
2024-07-10 15:16:36,748 INFO o.a.j.g.u.JMeterMenuBar: setRunning(true, *local*)
2024-07-10 15:16:36,782 INFO o.a.j.e.StandardJMeterEngine: Starting ThreadGroup: 1 : Login
2024-07-10 15:16:36,782 INFO o.a.j.e.StandardJMeterEngine: Starting 1 threads for group Login.
2024-07-10 15:16:36,782 INFO o.a.j.e.StandardJMeterEngine: Thread will continue on error
2024-07-10 15:16:36,783 INFO o.a.j.t.ThreadGroup: Starting thread group... number=1 threads=1 ramp-up=1 delayedStart=false
2024-07-10 15:16:36,787 INFO o.a.j.t.ThreadGroup: Started thread group number 1
2024-07-10 15:16:36,788 INFO o.a.j.e.StandardJMeterEngine: Waiting for thread group: Login to finish before starting next group
2024-07-10 15:16:36,788 INFO o.a.j.t.JMeterThread: Thread started: Login 1-1
2024-07-10 15:16:37,017 INFO o.a.j.t.JMeterThread: Thread is done: Login 1-1
2024-07-10 15:16:37,017 INFO o.a.j.t.JMeterThread: Thread finished: Login 1-1
2024-07-10 15:16:37,018 INFO o.a.j.e.StandardJMeterEngine: Starting ThreadGroup: 2 : NT TopUp
2024-07-10 15:16:37,018 INFO o.a.j.e.StandardJMeterEngine: Starting 1 threads for group NT TopUp.
2024-07-10 15:16:37,018 INFO o.a.j.e.StandardJMeterEngine: Thread will continue on error
2024-07-10 15:16:37,018 INFO o.a.j.t.ThreadGroup: Starting thread group... number=2 threads=1 ramp-up=1 delayedStart=false
2024-07-10 15:16:37,019 INFO o.a.j.t.ThreadGroup: Started thread group number 2
2024-07-10 15:16:37,019 INFO o.a.j.e.StandardJMeterEngine: Waiting for thread group: NT TopUp to finish before starting next group
2024-07-10 15:16:37,019 INFO o.a.j.t.JMeterThread: Thread started: NT TopUp 2-1
2024-07-10 15:16:40,269 INFO o.a.j.t.JMeterThread: Thread is done: NT TopUp 2-1
2024-07-10 15:16:40,269 INFO o.a.j.t.JMeterThread: Thread finished: NT TopUp 2-1
2024-07-10 15:16:40,270 INFO o.a.j.e.StandardJMeterEngine: Starting ThreadGroup: 3 : Cable car
2024-07-10 15:16:40,270 INFO o.a.j.e.StandardJMeterEngine: Starting 1 threads for group Cable car.
2024-07-10 15:16:40,270 INFO o.a.j.e.StandardJMeterEngine: Thread will continue on error
2024-07-10 15:16:40,270 INFO o.a.j.t.ThreadGroup: Starting thread group... number=3 threads=1 ramp-up=1 delayedStart=false
2024-07-10 15:16:40,270 INFO o.a.j.t.ThreadGroup: Started thread group number 3
2024-07-10 15:16:40,270 INFO o.a.j.e.StandardJMeterEngine: Waiting for thread group: Cable car to finish before starting next group
2024-07-10 15:16:40,272 INFO o.a.j.t.JMeterThread: Thread started: Cable car 3-1
2024-07-10 15:16:59,956 INFO o.a.j.t.JMeterThread: Thread is done: Cable car 3-1
2024-07-10 15:16:59,956 INFO o.a.j.t.JMeterThread: Thread finished: Cable car 3-1
2024-07-10 15:16:59,956 INFO o.a.j.e.StandardJMeterEngine: Starting ThreadGroup: 4 : Fetch Balance
2024-07-10 15:16:59,956 INFO o.a.j.e.StandardJMeterEngine: Starting 1 threads for group Fetch Balance.
2024-07-10 15:16:59,956 INFO o.a.j.e.StandardJMeterEngine: Thread will continue on error
2024-07-10 15:16:59,956 INFO o.a.j.t.ThreadGroup: Starting thread group... number=4 threads=1 ramp-up=1 delayedStart=false
2024-07-10 15:16:59,957 INFO o.a.j.t.ThreadGroup: Started thread group number 4
2024-07-10 15:16:59,957 INFO o.a.j.e.StandardJMeterEngine: All thread groups have been started
2024-07-10 15:16:59,958 INFO o.a.j.t.JMeterThread: Thread started: Fetch Balance 4-1
2024-07-10 15:17:00,089 INFO o.a.j.t.JMeterThread: Thread is done: Fetch Balance 4-1
2024-07-10 15:17:00,089 INFO o.a.j.t.JMeterThread: Thread finished: Fetch Balance 4-1
2024-07-10 15:17:00,089 INFO o.a.j.e.StandardJMeterEngine: Notifying test listeners of end of test
2024-07-10 15:17:00,090 INFO o.a.j.g.u.JMeterMenuBar: setRunning(false, *local*)
2024-07-10 15:21:13,793 INFO o.a.j.e.StandardJMeterEngine: Running the test!
2024-07-10 15:21:13,795 INFO o.a.j.s.SampleEvent: List of sample_variables: []
2024-07-10 15:21:13,796 INFO o.a.j.g.u.JMeterMenuBar: setRunning(true, *local*)
2024-07-10 15:21:13,830 INFO o.a.j.e.StandardJMeterEngine: Starting ThreadGroup: 1 : Login
2024-07-10 15:21:13,830 INFO o.a.j.e.StandardJMeterEngine: Starting 1 threads for group Login.
2024-07-10 15:21:13,830 INFO o.a.j.e.StandardJMeterEngine: Thread will continue on error
2024-07-10 15:21:13,830 INFO o.a.j.t.ThreadGroup: Starting thread group... number=1 threads=1 ramp-up=1 delayedStart=false
2024-07-10 15:21:13,836 INFO o.a.j.t.ThreadGroup: Started thread group number 1
2024-07-10 15:21:13,836 INFO o.a.j.e.StandardJMeterEngine: Waiting for thread group: Login to finish before starting next group
2024-07-10 15:21:13,836 INFO o.a.j.t.JMeterThread: Thread started: Login 1-1
2024-07-10 15:21:14,127 INFO o.a.j.t.JMeterThread: Thread is done: Login 1-1
2024-07-10 15:21:14,128 INFO o.a.j.t.JMeterThread: Thread finished: Login 1-1
2024-07-10 15:21:14,128 INFO o.a.j.e.StandardJMeterEngine: Starting ThreadGroup: 2 : NT TopUp
2024-07-10 15:21:14,128 INFO o.a.j.e.StandardJMeterEngine: Starting 1 threads for group NT TopUp.
2024-07-10 15:21:14,128 INFO o.a.j.e.StandardJMeterEngine: Thread will continue on error
2024-07-10 15:21:14,128 INFO o.a.j.t.ThreadGroup: Starting thread group... number=2 threads=1 ramp-up=1 delayedStart=false
2024-07-10 15:21:14,129 INFO o.a.j.t.ThreadGroup: Started thread group number 2
2024-07-10 15:21:14,129 INFO o.a.j.e.StandardJMeterEngine: Waiting for thread group: NT TopUp to finish before starting next group
2024-07-10 15:21:14,130 INFO o.a.j.t.JMeterThread: Thread started: NT TopUp 2-1
2024-07-10 15:21:17,399 INFO o.a.j.t.JMeterThread: Thread is done: NT TopUp 2-1
2024-07-10 15:21:17,400 INFO o.a.j.t.JMeterThread: Thread finished: NT TopUp 2-1
2024-07-10 15:21:17,400 INFO o.a.j.e.StandardJMeterEngine: Starting ThreadGroup: 3 : Cable car
2024-07-10 15:21:17,400 INFO o.a.j.e.StandardJMeterEngine: Starting 1 threads for group Cable car.
2024-07-10 15:21:17,400 INFO o.a.j.e.StandardJMeterEngine: Thread will continue on error
2024-07-10 15:21:17,401 INFO o.a.j.t.ThreadGroup: Starting thread group... number=3 threads=1 ramp-up=1 delayedStart=false
2024-07-10 15:21:17,401 INFO o.a.j.t.ThreadGroup: Started thread group number 3
2024-07-10 15:21:17,401 INFO o.a.j.e.StandardJMeterEngine: Waiting for thread group: Cable car to finish before starting next group
2024-07-10 15:21:17,402 INFO o.a.j.t.JMeterThread: Thread started: Cable car 3-1
2024-07-10 15:21:18,918 INFO o.a.j.g.a.Start: Stopping test
2024-07-10 15:21:18,964 INFO o.a.j.t.JMeterThread: Stopping: Cable car 3-1
2024-07-10 15:21:18,964 WARN o.a.j.t.JMeterThread: Interrupting: Cable car 3-1 sampler: Cable Car Payment
2024-07-10 15:21:18,966 INFO o.a.j.t.JMeterThread: Thread is done: Cable car 3-1
2024-07-10 15:21:18,966 INFO o.a.j.t.JMeterThread: Thread finished: Cable car 3-1
2024-07-10 15:21:18,966 INFO o.a.j.e.StandardJMeterEngine: Test stopped - no more thread groups will be started
2024-07-10 15:21:18,966 INFO o.a.j.e.StandardJMeterEngine: Notifying test listeners of end of test
2024-07-10 15:21:18,966 INFO o.a.j.g.u.JMeterMenuBar: setRunning(false, *local*)
2024-07-10 15:21:23,771 INFO o.a.j.e.StandardJMeterEngine: Running the test!
2024-07-10 15:21:23,772 INFO o.a.j.s.SampleEvent: List of sample_variables: []
2024-07-10 15:21:23,773 INFO o.a.j.g.u.JMeterMenuBar: setRunning(true, *local*)
2024-07-10 15:21:23,803 INFO o.a.j.e.StandardJMeterEngine: Starting ThreadGroup: 1 : Login
2024-07-10 15:21:23,803 INFO o.a.j.e.StandardJMeterEngine: Starting 1 threads for group Login.
2024-07-10 15:21:23,803 INFO o.a.j.e.StandardJMeterEngine: Thread will continue on error
2024-07-10 15:21:23,804 INFO o.a.j.t.ThreadGroup: Starting thread group... number=1 threads=1 ramp-up=1 delayedStart=false
2024-07-10 15:21:23,808 INFO o.a.j.t.ThreadGroup: Started thread group number 1
2024-07-10 15:21:23,809 INFO o.a.j.e.StandardJMeterEngine: Waiting for thread group: Login to finish before starting next group
2024-07-10 15:21:23,809 INFO o.a.j.t.JMeterThread: Thread started: Login 1-1
2024-07-10 15:21:24,116 INFO o.a.j.t.JMeterThread: Thread is done: Login 1-1
2024-07-10 15:21:24,117 INFO o.a.j.t.JMeterThread: Thread finished: Login 1-1
2024-07-10 15:21:24,117 INFO o.a.j.e.StandardJMeterEngine: Starting ThreadGroup: 2 : NT TopUp
2024-07-10 15:21:24,117 INFO o.a.j.e.StandardJMeterEngine: Starting 1 threads for group NT TopUp.
2024-07-10 15:21:24,117 INFO o.a.j.e.StandardJMeterEngine: Thread will continue on error
2024-07-10 15:21:24,117 INFO o.a.j.t.ThreadGroup: Starting thread group... number=2 threads=1 ramp-up=1 delayedStart=false
2024-07-10 15:21:24,118 INFO o.a.j.t.ThreadGroup: Started thread group number 2
2024-07-10 15:21:24,118 INFO o.a.j.e.StandardJMeterEngine: Waiting for thread group: NT TopUp to finish before starting next group
2024-07-10 15:21:24,118 INFO o.a.j.t.JMeterThread: Thread started: NT TopUp 2-1
2024-07-10 15:21:27,403 INFO o.a.j.t.JMeterThread: Thread is done: NT TopUp 2-1
2024-07-10 15:21:27,403 INFO o.a.j.t.JMeterThread: Thread finished: NT TopUp 2-1
2024-07-10 15:21:27,405 INFO o.a.j.e.StandardJMeterEngine: Starting ThreadGroup: 3 : Cable car
2024-07-10 15:21:27,405 INFO o.a.j.e.StandardJMeterEngine: Starting 1 threads for group Cable car.
2024-07-10 15:21:27,405 INFO o.a.j.e.StandardJMeterEngine: Thread will continue on error
2024-07-10 15:21:27,405 INFO o.a.j.t.ThreadGroup: Starting thread group... number=3 threads=1 ramp-up=1 delayedStart=false
2024-07-10 15:21:27,406 INFO o.a.j.t.ThreadGroup: Started thread group number 3
2024-07-10 15:21:27,406 INFO o.a.j.e.StandardJMeterEngine: Waiting for thread group: Cable car to finish before starting next group
2024-07-10 15:21:27,406 INFO o.a.j.t.JMeterThread: Thread started: Cable car 3-1
2024-07-10 15:21:35,836 INFO o.a.j.t.JMeterThread: Thread is done: Cable car 3-1
2024-07-10 15:21:35,836 INFO o.a.j.t.JMeterThread: Thread finished: Cable car 3-1
2024-07-10 15:21:35,837 INFO o.a.j.e.StandardJMeterEngine: Starting ThreadGroup: 4 : Fetch Balance
2024-07-10 15:21:35,837 INFO o.a.j.e.StandardJMeterEngine: Starting 1 threads for group Fetch Balance.
2024-07-10 15:21:35,837 INFO o.a.j.e.StandardJMeterEngine: Thread will continue on error
2024-07-10 15:21:35,837 INFO o.a.j.t.ThreadGroup: Starting thread group... number=4 threads=1 ramp-up=1 delayedStart=false
2024-07-10 15:21:35,838 INFO o.a.j.t.ThreadGroup: Started thread group number 4
2024-07-10 15:21:35,838 INFO o.a.j.e.StandardJMeterEngine: All thread groups have been started
2024-07-10 15:21:35,838 INFO o.a.j.t.JMeterThread: Thread started: Fetch Balance 4-1
2024-07-10 15:21:35,953 INFO o.a.j.t.JMeterThread: Thread is done: Fetch Balance 4-1
2024-07-10 15:21:35,953 INFO o.a.j.t.JMeterThread: Thread finished: Fetch Balance 4-1
2024-07-10 15:21:35,954 INFO o.a.j.e.StandardJMeterEngine: Notifying test listeners of end of test
2024-07-10 15:21:35,954 INFO o.a.j.g.u.JMeterMenuBar: setRunning(false, *local*)
2024-07-10 15:22:27,838 INFO o.a.j.e.StandardJMeterEngine: Running the test!
2024-07-10 15:22:27,838 INFO o.a.j.s.SampleEvent: List of sample_variables: []
2024-07-10 15:22:27,839 INFO o.a.j.g.u.JMeterMenuBar: setRunning(true, *local*)
2024-07-10 15:22:27,883 INFO o.a.j.e.StandardJMeterEngine: Starting ThreadGroup: 1 : Login
2024-07-10 15:22:27,883 INFO o.a.j.e.StandardJMeterEngine: Starting 1 threads for group Login.
2024-07-10 15:22:27,883 INFO o.a.j.e.StandardJMeterEngine: Thread will continue on error
2024-07-10 15:22:27,883 INFO o.a.j.t.ThreadGroup: Starting thread group... number=1 threads=1 ramp-up=1 delayedStart=false
2024-07-10 15:22:27,890 INFO o.a.j.t.ThreadGroup: Started thread group number 1
2024-07-10 15:22:27,890 INFO o.a.j.e.StandardJMeterEngine: Waiting for thread group: Login to finish before starting next group
2024-07-10 15:22:27,890 INFO o.a.j.t.JMeterThread: Thread started: Login 1-1
2024-07-10 15:22:28,148 INFO o.a.j.t.JMeterThread: Thread is done: Login 1-1
2024-07-10 15:22:28,148 INFO o.a.j.t.JMeterThread: Thread finished: Login 1-1
2024-07-10 15:22:28,149 INFO o.a.j.e.StandardJMeterEngine: Starting ThreadGroup: 2 : NT TopUp
2024-07-10 15:22:28,149 INFO o.a.j.e.StandardJMeterEngine: Starting 1 threads for group NT TopUp.
2024-07-10 15:22:28,149 INFO o.a.j.e.StandardJMeterEngine: Thread will continue on error
2024-07-10 15:22:28,149 INFO o.a.j.t.ThreadGroup: Starting thread group... number=2 threads=1 ramp-up=1 delayedStart=false
2024-07-10 15:22:28,151 INFO o.a.j.t.ThreadGroup: Started thread group number 2
2024-07-10 15:22:28,151 INFO o.a.j.e.StandardJMeterEngine: Waiting for thread group: NT TopUp to finish before starting next group
2024-07-10 15:22:28,152 INFO o.a.j.t.JMeterThread: Thread started: NT TopUp 2-1
2024-07-10 15:22:31,441 INFO o.a.j.t.JMeterThread: Thread is done: NT TopUp 2-1
2024-07-10 15:22:31,441 INFO o.a.j.t.JMeterThread: Thread finished: NT TopUp 2-1
2024-07-10 15:22:31,441 INFO o.a.j.e.StandardJMeterEngine: Starting ThreadGroup: 3 : Cable car
2024-07-10 15:22:31,442 INFO o.a.j.e.StandardJMeterEngine: Starting 1 threads for group Cable car.
2024-07-10 15:22:31,442 INFO o.a.j.e.StandardJMeterEngine: Thread will continue on error
2024-07-10 15:22:31,442 INFO o.a.j.t.ThreadGroup: Starting thread group... number=3 threads=1 ramp-up=1 delayedStart=false
2024-07-10 15:22:31,443 INFO o.a.j.t.ThreadGroup: Started thread group number 3
2024-07-10 15:22:31,443 INFO o.a.j.e.StandardJMeterEngine: Waiting for thread group: Cable car to finish before starting next group
2024-07-10 15:22:31,443 INFO o.a.j.t.JMeterThread: Thread started: Cable car 3-1
2024-07-10 15:22:42,945 INFO o.a.j.t.JMeterThread: Thread is done: Cable car 3-1
2024-07-10 15:22:42,945 INFO o.a.j.t.JMeterThread: Thread finished: Cable car 3-1
2024-07-10 15:22:42,946 INFO o.a.j.e.StandardJMeterEngine: Starting ThreadGroup: 4 : Fetch Balance
2024-07-10 15:22:42,946 INFO o.a.j.e.StandardJMeterEngine: Starting 1 threads for group Fetch Balance.
2024-07-10 15:22:42,946 INFO o.a.j.e.StandardJMeterEngine: Thread will continue on error
2024-07-10 15:22:42,946 INFO o.a.j.t.ThreadGroup: Starting thread group... number=4 threads=1 ramp-up=1 delayedStart=false
2024-07-10 15:22:42,947 INFO o.a.j.t.ThreadGroup: Started thread group number 4
2024-07-10 15:22:42,947 INFO o.a.j.e.StandardJMeterEngine: All thread groups have been started
2024-07-10 15:22:42,947 INFO o.a.j.t.JMeterThread: Thread started: Fetch Balance 4-1
2024-07-10 15:22:43,120 INFO o.a.j.t.JMeterThread: Thread is done: Fetch Balance 4-1
2024-07-10 15:22:43,120 INFO o.a.j.t.JMeterThread: Thread finished: Fetch Balance 4-1
2024-07-10 15:22:43,121 INFO o.a.j.e.StandardJMeterEngine: Notifying test listeners of end of test
2024-07-10 15:22:43,121 INFO o.a.j.g.u.JMeterMenuBar: setRunning(false, *local*)
2024-07-10 15:27:38,591 INFO o.a.j.e.StandardJMeterEngine: Running the test!
2024-07-10 15:27:38,591 INFO o.a.j.s.SampleEvent: List of sample_variables: []
2024-07-10 15:27:38,592 INFO o.a.j.g.u.JMeterMenuBar: setRunning(true, *local*)
2024-07-10 15:27:38,626 INFO o.a.j.e.StandardJMeterEngine: Starting ThreadGroup: 1 : Login
2024-07-10 15:27:38,627 INFO o.a.j.e.StandardJMeterEngine: Starting 1 threads for group Login.
2024-07-10 15:27:38,627 INFO o.a.j.e.StandardJMeterEngine: Thread will continue on error
2024-07-10 15:27:38,627 INFO o.a.j.t.ThreadGroup: Starting thread group... number=1 threads=1 ramp-up=1 delayedStart=false
2024-07-10 15:27:38,631 INFO o.a.j.t.ThreadGroup: Started thread group number 1
2024-07-10 15:27:38,631 INFO o.a.j.e.StandardJMeterEngine: Waiting for thread group: Login to finish before starting next group
2024-07-10 15:27:38,632 INFO o.a.j.t.JMeterThread: Thread started: Login 1-1
2024-07-10 15:27:38,633 WARN o.a.j.p.h.s.HTTPSamplerBase: Existing CookieManager HTTP Cookie Manager superseded by HTTP Cookie Manager
2024-07-10 15:27:38,697 WARN o.a.j.p.h.s.HTTPSamplerBase: Existing CookieManager HTTP Cookie Manager superseded by HTTP Cookie Manager
2024-07-10 15:27:38,814 INFO o.a.j.t.JMeterThread: Thread is done: Login 1-1
2024-07-10 15:27:38,814 INFO o.a.j.t.JMeterThread: Thread finished: Login 1-1
2024-07-10 15:27:38,814 INFO o.a.j.e.StandardJMeterEngine: Starting ThreadGroup: 2 : NT TopUp
2024-07-10 15:27:38,814 INFO o.a.j.e.StandardJMeterEngine: Starting 1 threads for group NT TopUp.
2024-07-10 15:27:38,814 INFO o.a.j.e.StandardJMeterEngine: Thread will continue on error
2024-07-10 15:27:38,814 INFO o.a.j.t.ThreadGroup: Starting thread group... number=2 threads=1 ramp-up=1 delayedStart=false
2024-07-10 15:27:38,816 INFO o.a.j.t.ThreadGroup: Started thread group number 2
2024-07-10 15:27:38,816 INFO o.a.j.e.StandardJMeterEngine: Waiting for thread group: NT TopUp to finish before starting next group
2024-07-10 15:27:38,816 INFO o.a.j.t.JMeterThread: Thread started: NT TopUp 2-1
2024-07-10 15:27:39,030 INFO o.a.j.t.JMeterThread: Thread is done: NT TopUp 2-1
2024-07-10 15:27:39,030 INFO o.a.j.t.JMeterThread: Thread finished: NT TopUp 2-1
2024-07-10 15:27:39,030 INFO o.a.j.e.StandardJMeterEngine: Starting ThreadGroup: 3 : Cable car
2024-07-10 15:27:39,031 INFO o.a.j.e.StandardJMeterEngine: Starting 1 threads for group Cable car.
2024-07-10 15:27:39,031 INFO o.a.j.e.StandardJMeterEngine: Thread will continue on error
2024-07-10 15:27:39,031 INFO o.a.j.t.ThreadGroup: Starting thread group... number=3 threads=1 ramp-up=1 delayedStart=false
2024-07-10 15:27:39,032 INFO o.a.j.t.ThreadGroup: Started thread group number 3
2024-07-10 15:27:39,032 INFO o.a.j.e.StandardJMeterEngine: Waiting for thread group: Cable car to finish before starting next group
2024-07-10 15:27:39,032 INFO o.a.j.t.JMeterThread: Thread started: Cable car 3-1
2024-07-10 15:27:39,185 INFO o.a.j.t.JMeterThread: Thread is done: Cable car 3-1
2024-07-10 15:27:39,186 INFO o.a.j.t.JMeterThread: Thread finished: Cable car 3-1
2024-07-10 15:27:39,186 INFO o.a.j.e.StandardJMeterEngine: Starting ThreadGroup: 4 : Fetch Balance
2024-07-10 15:27:39,186 INFO o.a.j.e.StandardJMeterEngine: Starting 1 threads for group Fetch Balance.
2024-07-10 15:27:39,186 INFO o.a.j.e.StandardJMeterEngine: Thread will continue on error
2024-07-10 15:27:39,186 INFO o.a.j.t.ThreadGroup: Starting thread group... number=4 threads=1 ramp-up=1 delayedStart=false
2024-07-10 15:27:39,186 INFO o.a.j.t.ThreadGroup: Started thread group number 4
2024-07-10 15:27:39,186 INFO o.a.j.e.StandardJMeterEngine: All thread groups have been started
2024-07-10 15:27:39,187 INFO o.a.j.t.JMeterThread: Thread started: Fetch Balance 4-1
2024-07-10 15:27:39,342 INFO o.a.j.t.JMeterThread: Thread is done: Fetch Balance 4-1
2024-07-10 15:27:39,342 INFO o.a.j.t.JMeterThread: Thread finished: Fetch Balance 4-1
2024-07-10 15:27:39,342 INFO o.a.j.e.StandardJMeterEngine: Notifying test listeners of end of test
2024-07-10 15:27:39,343 INFO o.a.j.g.u.JMeterMenuBar: setRunning(false, *local*)
2024-07-10 15:33:24,393 INFO o.a.j.e.StandardJMeterEngine: Running the test!
2024-07-10 15:33:24,396 INFO o.a.j.s.SampleEvent: List of sample_variables: []
2024-07-10 15:33:24,396 INFO o.a.j.g.u.JMeterMenuBar: setRunning(true, *local*)
2024-07-10 15:33:24,444 INFO o.a.j.e.StandardJMeterEngine: Starting ThreadGroup: 1 : Login
2024-07-10 15:33:24,444 INFO o.a.j.e.StandardJMeterEngine: Starting 1 threads for group Login.
2024-07-10 15:33:24,444 INFO o.a.j.e.StandardJMeterEngine: Thread will continue on error
2024-07-10 15:33:24,445 INFO o.a.j.t.ThreadGroup: Starting thread group... number=1 threads=1 ramp-up=1 delayedStart=false
2024-07-10 15:33:24,448 INFO o.a.j.t.ThreadGroup: Started thread group number 1
2024-07-10 15:33:24,448 INFO o.a.j.e.StandardJMeterEngine: Waiting for thread group: Login to finish before starting next group
2024-07-10 15:33:24,448 INFO o.a.j.t.JMeterThread: Thread started: Login 1-1
2024-07-10 15:33:24,641 INFO o.a.j.t.JMeterThread: Thread is done: Login 1-1
2024-07-10 15:33:24,641 INFO o.a.j.t.JMeterThread: Thread finished: Login 1-1
2024-07-10 15:33:24,641 INFO o.a.j.e.StandardJMeterEngine: Starting ThreadGroup: 2 : NT TopUp
2024-07-10 15:33:24,641 INFO o.a.j.e.StandardJMeterEngine: Starting 1 threads for group NT TopUp.
2024-07-10 15:33:24,641 INFO o.a.j.e.StandardJMeterEngine: Thread will continue on error
2024-07-10 15:33:24,641 INFO o.a.j.t.ThreadGroup: Starting thread group... number=2 threads=1 ramp-up=1 delayedStart=false
2024-07-10 15:33:24,641 INFO o.a.j.t.ThreadGroup: Started thread group number 2
2024-07-10 15:33:24,641 INFO o.a.j.e.StandardJMeterEngine: Waiting for thread group: NT TopUp to finish before starting next group
2024-07-10 15:33:24,641 INFO o.a.j.t.JMeterThread: Thread started: NT TopUp 2-1
2024-07-10 15:33:28,084 INFO o.a.j.t.JMeterThread: Thread is done: NT TopUp 2-1
2024-07-10 15:33:28,084 INFO o.a.j.t.JMeterThread: Thread finished: NT TopUp 2-1
2024-07-10 15:33:28,084 INFO o.a.j.e.StandardJMeterEngine: Starting ThreadGroup: 3 : Cable car
2024-07-10 15:33:28,084 INFO o.a.j.e.StandardJMeterEngine: Starting 1 threads for group Cable car.
2024-07-10 15:33:28,084 INFO o.a.j.e.StandardJMeterEngine: Thread will continue on error
2024-07-10 15:33:28,084 INFO o.a.j.t.ThreadGroup: Starting thread group... number=3 threads=1 ramp-up=1 delayedStart=false
2024-07-10 15:33:28,084 INFO o.a.j.t.ThreadGroup: Started thread group number 3
2024-07-10 15:33:28,084 INFO o.a.j.e.StandardJMeterEngine: Waiting for thread group: Cable car to finish before starting next group
2024-07-10 15:33:28,084 INFO o.a.j.t.JMeterThread: Thread started: Cable car 3-1
2024-07-10 15:33:36,653 INFO o.a.j.t.JMeterThread: Thread is done: Cable car 3-1
2024-07-10 15:33:36,653 INFO o.a.j.t.JMeterThread: Thread finished: Cable car 3-1
2024-07-10 15:33:36,653 INFO o.a.j.e.StandardJMeterEngine: Starting ThreadGroup: 4 : Fetch Balance
2024-07-10 15:33:36,653 INFO o.a.j.e.StandardJMeterEngine: Starting 1 threads for group Fetch Balance.
2024-07-10 15:33:36,653 INFO o.a.j.e.StandardJMeterEngine: Thread will continue on error
2024-07-10 15:33:36,653 INFO o.a.j.t.ThreadGroup: Starting thread group... number=4 threads=1 ramp-up=1 delayedStart=false
2024-07-10 15:33:36,654 INFO o.a.j.t.ThreadGroup: Started thread group number 4
2024-07-10 15:33:36,654 INFO o.a.j.e.StandardJMeterEngine: All thread groups have been started
2024-07-10 15:33:36,654 INFO o.a.j.t.JMeterThread: Thread started: Fetch Balance 4-1
2024-07-10 15:33:36,731 INFO o.a.j.t.JMeterThread: Thread is done: Fetch Balance 4-1
2024-07-10 15:33:36,731 INFO o.a.j.t.JMeterThread: Thread finished: Fetch Balance 4-1
2024-07-10 15:33:36,731 INFO o.a.j.e.StandardJMeterEngine: Notifying test listeners of end of test
2024-07-10 15:33:36,731 INFO o.a.j.g.u.JMeterMenuBar: setRunning(false, *local*)
2024-07-10 15:36:53,923 INFO o.a.j.e.StandardJMeterEngine: Running the test!
2024-07-10 15:36:53,924 INFO o.a.j.s.SampleEvent: List of sample_variables: []
2024-07-10 15:36:53,925 INFO o.a.j.g.u.JMeterMenuBar: setRunning(true, *local*)
2024-07-10 15:36:53,962 INFO o.a.j.e.StandardJMeterEngine: Starting ThreadGroup: 1 : Login
2024-07-10 15:36:53,963 INFO o.a.j.e.StandardJMeterEngine: Starting 1 threads for group Login.
2024-07-10 15:36:53,963 INFO o.a.j.e.StandardJMeterEngine: Thread will continue on error
2024-07-10 15:36:53,963 INFO o.a.j.t.ThreadGroup: Starting thread group... number=1 threads=1 ramp-up=1 delayedStart=false
2024-07-10 15:36:53,968 INFO o.a.j.t.ThreadGroup: Started thread group number 1
2024-07-10 15:36:53,969 INFO o.a.j.e.StandardJMeterEngine: Waiting for thread group: Login to finish before starting next group
2024-07-10 15:36:53,969 INFO o.a.j.t.JMeterThread: Thread started: Login 1-1
2024-07-10 15:36:54,170 INFO o.a.j.t.JMeterThread: Thread is done: Login 1-1
2024-07-10 15:36:54,170 INFO o.a.j.t.JMeterThread: Thread finished: Login 1-1
2024-07-10 15:36:54,172 INFO o.a.j.e.StandardJMeterEngine: Starting ThreadGroup: 2 : NT TopUp
2024-07-10 15:36:54,172 INFO o.a.j.e.StandardJMeterEngine: Starting 2 threads for group NT TopUp.
2024-07-10 15:36:54,172 INFO o.a.j.e.StandardJMeterEngine: Thread will continue on error
2024-07-10 15:36:54,172 INFO o.a.j.t.ThreadGroup: Starting thread group... number=2 threads=2 ramp-up=1 delayedStart=false
2024-07-10 15:36:54,173 INFO o.a.j.t.ThreadGroup: Started thread group number 2
2024-07-10 15:36:54,173 INFO o.a.j.e.StandardJMeterEngine: Waiting for thread group: NT TopUp to finish before starting next group
2024-07-10 15:36:54,173 INFO o.a.j.t.JMeterThread: Thread started: NT TopUp 2-1
2024-07-10 15:36:54,688 INFO o.a.j.t.JMeterThread: Thread started: NT TopUp 2-2
2024-07-10 15:36:57,611 INFO o.a.j.t.JMeterThread: Thread is done: NT TopUp 2-1
2024-07-10 15:36:57,612 INFO o.a.j.t.JMeterThread: Thread finished: NT TopUp 2-1
2024-07-10 15:36:57,612 INFO o.a.j.t.JMeterThread: Thread is done: NT TopUp 2-2
2024-07-10 15:36:57,612 INFO o.a.j.t.JMeterThread: Thread finished: NT TopUp 2-2
2024-07-10 15:36:57,612 INFO o.a.j.e.StandardJMeterEngine: Starting ThreadGroup: 3 : Cable car
2024-07-10 15:36:57,612 INFO o.a.j.e.StandardJMeterEngine: Starting 1 threads for group Cable car.
2024-07-10 15:36:57,612 INFO o.a.j.e.StandardJMeterEngine: Thread will continue on error
2024-07-10 15:36:57,612 INFO o.a.j.t.ThreadGroup: Starting thread group... number=3 threads=1 ramp-up=1 delayedStart=false
2024-07-10 15:36:57,613 INFO o.a.j.t.ThreadGroup: Started thread group number 3
2024-07-10 15:36:57,613 INFO o.a.j.e.StandardJMeterEngine: Waiting for thread group: Cable car to finish before starting next group
2024-07-10 15:36:57,613 INFO o.a.j.t.JMeterThread: Thread started: Cable car 3-1
2024-07-10 15:37:25,993 INFO o.a.j.t.JMeterThread: Thread is done: Cable car 3-1
2024-07-10 15:37:25,993 INFO o.a.j.t.JMeterThread: Thread finished: Cable car 3-1
2024-07-10 15:37:25,994 INFO o.a.j.e.StandardJMeterEngine: Starting ThreadGroup: 4 : Fetch Balance
2024-07-10 15:37:25,994 INFO o.a.j.e.StandardJMeterEngine: Starting 1 threads for group Fetch Balance.
2024-07-10 15:37:25,994 INFO o.a.j.e.StandardJMeterEngine: Thread will continue on error
2024-07-10 15:37:25,994 INFO o.a.j.t.ThreadGroup: Starting thread group... number=4 threads=1 ramp-up=1 delayedStart=false
2024-07-10 15:37:25,994 INFO o.a.j.t.ThreadGroup: Started thread group number 4
2024-07-10 15:37:25,996 INFO o.a.j.e.StandardJMeterEngine: All thread groups have been started
2024-07-10 15:37:25,996 INFO o.a.j.t.JMeterThread: Thread started: Fetch Balance 4-1
2024-07-10 15:37:26,081 INFO o.a.j.t.JMeterThread: Thread is done: Fetch Balance 4-1
2024-07-10 15:37:26,081 INFO o.a.j.t.JMeterThread: Thread finished: Fetch Balance 4-1
2024-07-10 15:37:26,083 INFO o.a.j.e.StandardJMeterEngine: Notifying test listeners of end of test
2024-07-10 15:37:26,083 INFO o.a.j.g.u.JMeterMenuBar: setRunning(false, *local*)
2024-07-10 15:37:29,067 INFO o.a.j.e.StandardJMeterEngine: Running the test!
2024-07-10 15:37:29,068 INFO o.a.j.s.SampleEvent: List of sample_variables: []
2024-07-10 15:37:29,069 INFO o.a.j.g.u.JMeterMenuBar: setRunning(true, *local*)
2024-07-10 15:37:29,116 INFO o.a.j.e.StandardJMeterEngine: Starting ThreadGroup: 1 : Login
2024-07-10 15:37:29,116 INFO o.a.j.e.StandardJMeterEngine: Starting 1 threads for group Login.
2024-07-10 15:37:29,116 INFO o.a.j.e.StandardJMeterEngine: Thread will continue on error
2024-07-10 15:37:29,116 INFO o.a.j.t.ThreadGroup: Starting thread group... number=1 threads=1 ramp-up=1 delayedStart=false
2024-07-10 15:37:29,120 INFO o.a.j.t.ThreadGroup: Started thread group number 1
2024-07-10 15:37:29,120 INFO o.a.j.e.StandardJMeterEngine: Waiting for thread group: Login to finish before starting next group
2024-07-10 15:37:29,121 INFO o.a.j.t.JMeterThread: Thread started: Login 1-1
2024-07-10 15:37:29,297 INFO o.a.j.t.JMeterThread: Thread is done: Login 1-1
2024-07-10 15:37:29,297 INFO o.a.j.t.JMeterThread: Thread finished: Login 1-1
2024-07-10 15:37:29,297 INFO o.a.j.e.StandardJMeterEngine: Starting ThreadGroup: 2 : NT TopUp
2024-07-10 15:37:29,297 INFO o.a.j.e.StandardJMeterEngine: Starting 2 threads for group NT TopUp.
2024-07-10 15:37:29,297 INFO o.a.j.e.StandardJMeterEngine: Thread will continue on error
2024-07-10 15:37:29,297 INFO o.a.j.t.ThreadGroup: Starting thread group... number=2 threads=2 ramp-up=1 delayedStart=false
2024-07-10 15:37:29,297 INFO o.a.j.t.ThreadGroup: Started thread group number 2
2024-07-10 15:37:29,297 INFO o.a.j.e.StandardJMeterEngine: Waiting for thread group: NT TopUp to finish before starting next group
2024-07-10 15:37:29,299 INFO o.a.j.t.JMeterThread: Thread started: NT TopUp 2-1
2024-07-10 15:37:29,806 INFO o.a.j.t.JMeterThread: Thread started: NT TopUp 2-2
2024-07-10 15:37:32,673 WARN o.a.j.p.h.s.HTTPSamplerBase: Existing CookieManager HTTP Cookie Manager superseded by HTTP Cookie Manager
2024-07-10 15:37:32,673 WARN o.a.j.p.h.s.HTTPSamplerBase: Existing CookieManager HTTP Cookie Manager superseded by HTTP Cookie Manager
2024-07-10 15:37:36,861 INFO o.a.j.t.JMeterThread: Thread is done: NT TopUp 2-2
2024-07-10 15:37:36,861 INFO o.a.j.t.JMeterThread: Thread finished: NT TopUp 2-2
2024-07-10 15:37:36,936 INFO o.a.j.t.JMeterThread: Thread is done: NT TopUp 2-1
2024-07-10 15:37:36,936 INFO o.a.j.t.JMeterThread: Thread finished: NT TopUp 2-1
2024-07-10 15:37:36,936 INFO o.a.j.e.StandardJMeterEngine: Starting ThreadGroup: 3 : Cable car
2024-07-10 15:37:36,936 INFO o.a.j.e.StandardJMeterEngine: Starting 1 threads for group Cable car.
2024-07-10 15:37:36,937 INFO o.a.j.e.StandardJMeterEngine: Thread will continue on error
2024-07-10 15:37:36,937 INFO o.a.j.t.ThreadGroup: Starting thread group... number=3 threads=1 ramp-up=1 delayedStart=false
2024-07-10 15:37:36,937 INFO o.a.j.t.ThreadGroup: Started thread group number 3
2024-07-10 15:37:36,937 INFO o.a.j.e.StandardJMeterEngine: Waiting for thread group: Cable car to finish before starting next group
2024-07-10 15:37:36,938 INFO o.a.j.t.JMeterThread: Thread started: Cable car 3-1
2024-07-10 15:38:03,565 INFO o.a.j.t.JMeterThread: Thread is done: Cable car 3-1
2024-07-10 15:38:03,565 INFO o.a.j.t.JMeterThread: Thread finished: Cable car 3-1
2024-07-10 15:38:03,566 INFO o.a.j.e.StandardJMeterEngine: Starting ThreadGroup: 4 : Fetch Balance
2024-07-10 15:38:03,566 INFO o.a.j.e.StandardJMeterEngine: Starting 1 threads for group Fetch Balance.
2024-07-10 15:38:03,566 INFO o.a.j.e.StandardJMeterEngine: Thread will continue on error
2024-07-10 15:38:03,566 INFO o.a.j.t.ThreadGroup: Starting thread group... number=4 threads=1 ramp-up=1 delayedStart=false
2024-07-10 15:38:03,566 INFO o.a.j.t.ThreadGroup: Started thread group number 4
2024-07-10 15:38:03,566 INFO o.a.j.e.StandardJMeterEngine: All thread groups have been started
2024-07-10 15:38:03,566 INFO o.a.j.t.JMeterThread: Thread started: Fetch Balance 4-1
2024-07-10 15:38:03,664 INFO o.a.j.t.JMeterThread: Thread is done: Fetch Balance 4-1
2024-07-10 15:38:03,665 INFO o.a.j.t.JMeterThread: Thread finished: Fetch Balance 4-1
2024-07-10 15:38:03,665 INFO o.a.j.e.StandardJMeterEngine: Notifying test listeners of end of test
2024-07-10 15:38:03,665 INFO o.a.j.g.u.JMeterMenuBar: setRunning(false, *local*)
2024-07-10 15:38:37,501 INFO o.a.j.e.StandardJMeterEngine: Running the test!
2024-07-10 15:38:37,501 INFO o.a.j.s.SampleEvent: List of sample_variables: []
2024-07-10 15:38:37,503 INFO o.a.j.g.u.JMeterMenuBar: setRunning(true, *local*)
2024-07-10 15:38:37,537 INFO o.a.j.e.StandardJMeterEngine: Starting ThreadGroup: 1 : Login
2024-07-10 15:38:37,537 INFO o.a.j.e.StandardJMeterEngine: Starting 1 threads for group Login.
2024-07-10 15:38:37,537 INFO o.a.j.e.StandardJMeterEngine: Thread will continue on error
2024-07-10 15:38:37,537 INFO o.a.j.t.ThreadGroup: Starting thread group... number=1 threads=1 ramp-up=1 delayedStart=false
2024-07-10 15:38:37,541 INFO o.a.j.t.ThreadGroup: Started thread group number 1
2024-07-10 15:38:37,541 INFO o.a.j.e.StandardJMeterEngine: Waiting for thread group: Login to finish before starting next group
2024-07-10 15:38:37,541 INFO o.a.j.t.JMeterThread: Thread started: Login 1-1
2024-07-10 15:38:37,711 INFO o.a.j.t.JMeterThread: Thread is done: Login 1-1
2024-07-10 15:38:37,711 INFO o.a.j.t.JMeterThread: Thread finished: Login 1-1
2024-07-10 15:38:37,711 INFO o.a.j.e.StandardJMeterEngine: Starting ThreadGroup: 2 : NT TopUp
2024-07-10 15:38:37,711 INFO o.a.j.e.StandardJMeterEngine: Starting 1 threads for group NT TopUp.
2024-07-10 15:38:37,711 INFO o.a.j.e.StandardJMeterEngine: Thread will continue on error
2024-07-10 15:38:37,711 INFO o.a.j.t.ThreadGroup: Starting thread group... number=2 threads=1 ramp-up=1 delayedStart=false
2024-07-10 15:38:37,712 INFO o.a.j.t.ThreadGroup: Started thread group number 2
2024-07-10 15:38:37,712 INFO o.a.j.e.StandardJMeterEngine: Waiting for thread group: NT TopUp to finish before starting next group
2024-07-10 15:38:37,712 INFO o.a.j.t.JMeterThread: Thread started: NT TopUp 2-1
2024-07-10 15:38:41,031 WARN o.a.j.p.h.s.HTTPSamplerBase: Existing CookieManager HTTP Cookie Manager superseded by HTTP Cookie Manager
2024-07-10 15:38:44,285 WARN o.a.j.p.h.s.HTTPSamplerBase: Existing CookieManager HTTP Cookie Manager superseded by HTTP Cookie Manager
2024-07-10 15:38:44,319 INFO o.a.j.t.JMeterThread: Thread is done: NT TopUp 2-1
2024-07-10 15:38:44,319 INFO o.a.j.t.JMeterThread: Thread finished: NT TopUp 2-1
2024-07-10 15:38:44,320 INFO o.a.j.e.StandardJMeterEngine: Starting ThreadGroup: 3 : Cable car
2024-07-10 15:38:44,320 INFO o.a.j.e.StandardJMeterEngine: Starting 1 threads for group Cable car.
2024-07-10 15:38:44,320 INFO o.a.j.e.StandardJMeterEngine: Thread will continue on error
2024-07-10 15:38:44,320 INFO o.a.j.t.ThreadGroup: Starting thread group... number=3 threads=1 ramp-up=1 delayedStart=false
2024-07-10 15:38:44,321 INFO o.a.j.t.ThreadGroup: Started thread group number 3
2024-07-10 15:38:44,321 INFO o.a.j.e.StandardJMeterEngine: Waiting for thread group: Cable car to finish before starting next group
2024-07-10 15:38:44,321 INFO o.a.j.t.JMeterThread: Thread started: Cable car 3-1
2024-07-10 15:39:01,816 INFO o.a.j.t.JMeterThread: Thread is done: Cable car 3-1
2024-07-10 15:39:01,816 INFO o.a.j.t.JMeterThread: Thread finished: Cable car 3-1
2024-07-10 15:39:01,816 INFO o.a.j.e.StandardJMeterEngine: Starting ThreadGroup: 4 : Fetch Balance
2024-07-10 15:39:01,816 INFO o.a.j.e.StandardJMeterEngine: Starting 1 threads for group Fetch Balance.
2024-07-10 15:39:01,816 INFO o.a.j.e.StandardJMeterEngine: Thread will continue on error
2024-07-10 15:39:01,817 INFO o.a.j.t.ThreadGroup: Starting thread group... number=4 threads=1 ramp-up=1 delayedStart=false
2024-07-10 15:39:01,817 INFO o.a.j.t.ThreadGroup: Started thread group number 4
2024-07-10 15:39:01,817 INFO o.a.j.e.StandardJMeterEngine: All thread groups have been started
2024-07-10 15:39:01,817 INFO o.a.j.t.JMeterThread: Thread started: Fetch Balance 4-1
2024-07-10 15:39:01,903 INFO o.a.j.t.JMeterThread: Thread is done: Fetch Balance 4-1
2024-07-10 15:39:01,903 INFO o.a.j.t.JMeterThread: Thread finished: Fetch Balance 4-1
2024-07-10 15:39:01,904 INFO o.a.j.e.StandardJMeterEngine: Notifying test listeners of end of test
2024-07-10 15:39:01,904 INFO o.a.j.g.u.JMeterMenuBar: setRunning(false, *local*)
2024-07-10 15:42:41,304 INFO o.a.j.e.StandardJMeterEngine: Running the test!
2024-07-10 15:42:41,304 INFO o.a.j.s.SampleEvent: List of sample_variables: []
2024-07-10 15:42:41,305 INFO o.a.j.g.u.JMeterMenuBar: setRunning(true, *local*)
2024-07-10 15:42:41,341 INFO o.a.j.e.StandardJMeterEngine: Starting ThreadGroup: 1 : Login
2024-07-10 15:42:41,341 INFO o.a.j.e.StandardJMeterEngine: Starting 1 threads for group Login.
2024-07-10 15:42:41,341 INFO o.a.j.e.StandardJMeterEngine: Thread will continue on error
2024-07-10 15:42:41,342 INFO o.a.j.t.ThreadGroup: Starting thread group... number=1 threads=1 ramp-up=1 delayedStart=false
2024-07-10 15:42:41,345 INFO o.a.j.t.ThreadGroup: Started thread group number 1
2024-07-10 15:42:41,345 INFO o.a.j.e.StandardJMeterEngine: Waiting for thread group: Login to finish before starting next group
2024-07-10 15:42:41,346 INFO o.a.j.t.JMeterThread: Thread started: Login 1-1
2024-07-10 15:42:41,347 WARN o.a.j.p.h.s.HTTPSamplerBase: Existing CookieManager HTTP Cookie Manager superseded by HTTP Cookie Manager
2024-07-10 15:42:41,566 WARN o.a.j.p.h.s.HTTPSamplerBase: Existing CookieManager HTTP Cookie Manager superseded by HTTP Cookie Manager
2024-07-10 15:42:41,617 INFO o.a.j.t.JMeterThread: Thread is done: Login 1-1
2024-07-10 15:42:41,617 INFO o.a.j.t.JMeterThread: Thread finished: Login 1-1
2024-07-10 15:42:41,617 INFO o.a.j.e.StandardJMeterEngine: Starting ThreadGroup: 2 : NT TopUp
2024-07-10 15:42:41,617 INFO o.a.j.e.StandardJMeterEngine: Starting 1 threads for group NT TopUp.
2024-07-10 15:42:41,617 INFO o.a.j.e.StandardJMeterEngine: Thread will continue on error
2024-07-10 15:42:41,617 INFO o.a.j.t.ThreadGroup: Starting thread group... number=2 threads=1 ramp-up=1 delayedStart=false
2024-07-10 15:42:41,618 INFO o.a.j.t.ThreadGroup: Started thread group number 2
2024-07-10 15:42:41,618 INFO o.a.j.e.StandardJMeterEngine: Waiting for thread group: NT TopUp to finish before starting next group
2024-07-10 15:42:41,619 INFO o.a.j.t.JMeterThread: Thread started: NT TopUp 2-1
2024-07-10 15:42:41,619 WARN o.a.j.p.h.s.HTTPSamplerBase: Existing CookieManager HTTP Cookie Manager superseded by HTTP Cookie Manager
2024-07-10 15:42:44,889 WARN o.a.j.p.h.s.HTTPSamplerBase: Existing CookieManager HTTP Cookie Manager superseded by HTTP Cookie Manager
2024-07-10 15:42:44,924 WARN o.a.j.p.h.s.HTTPSamplerBase: Existing CookieManager HTTP Cookie Manager superseded by HTTP Cookie Manager
2024-07-10 15:42:44,924 WARN o.a.j.p.h.s.HTTPSamplerBase: Existing CookieManager HTTP Cookie Manager superseded by HTTP Cookie Manager
2024-07-10 15:42:48,126 WARN o.a.j.p.h.s.HTTPSamplerBase: Existing CookieManager HTTP Cookie Manager superseded by HTTP Cookie Manager
2024-07-10 15:42:48,127 WARN o.a.j.p.h.s.HTTPSamplerBase: Existing CookieManager HTTP Cookie Manager superseded by HTTP Cookie Manager
2024-07-10 15:42:48,268 INFO o.a.j.t.JMeterThread: Thread is done: NT TopUp 2-1
2024-07-10 15:42:48,268 INFO o.a.j.t.JMeterThread: Thread finished: NT TopUp 2-1
2024-07-10 15:42:48,269 INFO o.a.j.e.StandardJMeterEngine: Starting ThreadGroup: 3 : Cable car
2024-07-10 15:42:48,269 INFO o.a.j.e.StandardJMeterEngine: Starting 1 threads for group Cable car.
2024-07-10 15:42:48,269 INFO o.a.j.e.StandardJMeterEngine: Thread will continue on error
2024-07-10 15:42:48,269 INFO o.a.j.t.ThreadGroup: Starting thread group... number=3 threads=1 ramp-up=1 delayedStart=false
2024-07-10 15:42:48,269 INFO o.a.j.t.ThreadGroup: Started thread group number 3
2024-07-10 15:42:48,269 INFO o.a.j.e.StandardJMeterEngine: All thread groups have been started
2024-07-10 15:42:48,270 INFO o.a.j.t.JMeterThread: Thread started: Cable car 3-1
2024-07-10 15:42:48,270 WARN o.a.j.p.h.s.HTTPSamplerBase: Existing CookieManager HTTP Cookie Manager superseded by HTTP Cookie Manager
2024-07-10 15:43:03,393 INFO o.a.j.t.JMeterThread: Thread is done: Cable car 3-1
2024-07-10 15:43:03,393 INFO o.a.j.t.JMeterThread: Thread finished: Cable car 3-1
2024-07-10 15:43:03,393 INFO o.a.j.e.StandardJMeterEngine: Notifying test listeners of end of test
2024-07-10 15:43:03,393 INFO o.a.j.g.u.JMeterMenuBar: setRunning(false, *local*)
2024-07-10 16:06:09,673 INFO o.a.j.s.FileServer: Set new base='C:\Users\thinkpad\Downloads\apache-jmeter-5.6.3'
